-------------------------------------------------------------------------------
Test set: com.epf.PlanteDAOImplTest
-------------------------------------------------------------------------------
Tests run: 6, Failures: 0, Errors: 6, Skipped: 0, Time elapsed: 0.814 s <<< FAILURE! - in com.epf.PlanteDAOImplTest
update_ShouldUpdatePlante  Time elapsed: 0 s  <<< ERROR!
java.lang.IllegalStateException: Failed to load ApplicationContext
Caused by: org.springframework.beans.factory.UnsatisfiedDependencyException: Error creating bean with name 'databaseTestService' defined in file [C:\Users\scris\Desktop\EPF\Langage Java\projet_pvz\target\classes\com\epf\DatabaseTestService.class]: Unsatisfied dependency expressed through constructor parameter 0; nested exception is org.springframework.beans.factory.BeanCreationException: Error creating bean with name 'jdbcTemplate' defined in class path resource [test-config.xml]: Cannot resolve reference to bean 'dataSource' while setting bean property 'dataSource'; nested exception is org.springframework.beans.factory.BeanCreationException: Error creating bean with name 'dataSource' defined in class path resource [test-config.xml]: Error setting property values; nested exception is org.springframework.beans.NotWritablePropertyException: Invalid property 'addScripts' of bean class [org.springframework.jdbc.datasource.embedded.EmbeddedDatabaseBuilder]: Bean property 'addScripts' is not writable or has an invalid setter method. Does the parameter type of the setter match the return type of the getter?
Caused by: org.springframework.beans.factory.BeanCreationException: Error creating bean with name 'jdbcTemplate' defined in class path resource [test-config.xml]: Cannot resolve reference to bean 'dataSource' while setting bean property 'dataSource'; nested exception is org.springframework.beans.factory.BeanCreationException: Error creating bean with name 'dataSource' defined in class path resource [test-config.xml]: Error setting property values; nested exception is org.springframework.beans.NotWritablePropertyException: Invalid property 'addScripts' of bean class [org.springframework.jdbc.datasource.embedded.EmbeddedDatabaseBuilder]: Bean property 'addScripts' is not writable or has an invalid setter method. Does the parameter type of the setter match the return type of the getter?
Caused by: org.springframework.beans.factory.BeanCreationException: Error creating bean with name 'dataSource' defined in class path resource [test-config.xml]: Error setting property values; nested exception is org.springframework.beans.NotWritablePropertyException: Invalid property 'addScripts' of bean class [org.springframework.jdbc.datasource.embedded.EmbeddedDatabaseBuilder]: Bean property 'addScripts' is not writable or has an invalid setter method. Does the parameter type of the setter match the return type of the getter?
Caused by: org.springframework.beans.NotWritablePropertyException: Invalid property 'addScripts' of bean class [org.springframework.jdbc.datasource.embedded.EmbeddedDatabaseBuilder]: Bean property 'addScripts' is not writable or has an invalid setter method. Does the parameter type of the setter match the return type of the getter?

findAll_ShouldReturnAllPlantes  Time elapsed: 0 s  <<< ERROR!
java.lang.IllegalStateException: Failed to load ApplicationContext
Caused by: org.springframework.beans.factory.UnsatisfiedDependencyException: Error creating bean with name 'databaseTestService' defined in file [C:\Users\scris\Desktop\EPF\Langage Java\projet_pvz\target\classes\com\epf\DatabaseTestService.class]: Unsatisfied dependency expressed through constructor parameter 0; nested exception is org.springframework.beans.factory.BeanCreationException: Error creating bean with name 'jdbcTemplate' defined in class path resource [test-config.xml]: Cannot resolve reference to bean 'dataSource' while setting bean property 'dataSource'; nested exception is org.springframework.beans.factory.BeanCreationException: Error creating bean with name 'dataSource' defined in class path resource [test-config.xml]: Error setting property values; nested exception is org.springframework.beans.NotWritablePropertyException: Invalid property 'addScripts' of bean class [org.springframework.jdbc.datasource.embedded.EmbeddedDatabaseBuilder]: Bean property 'addScripts' is not writable or has an invalid setter method. Does the parameter type of the setter match the return type of the getter?
Caused by: org.springframework.beans.factory.BeanCreationException: Error creating bean with name 'jdbcTemplate' defined in class path resource [test-config.xml]: Cannot resolve reference to bean 'dataSource' while setting bean property 'dataSource'; nested exception is org.springframework.beans.factory.BeanCreationException: Error creating bean with name 'dataSource' defined in class path resource [test-config.xml]: Error setting property values; nested exception is org.springframework.beans.NotWritablePropertyException: Invalid property 'addScripts' of bean class [org.springframework.jdbc.datasource.embedded.EmbeddedDatabaseBuilder]: Bean property 'addScripts' is not writable or has an invalid setter method. Does the parameter type of the setter match the return type of the getter?
Caused by: org.springframework.beans.factory.BeanCreationException: Error creating bean with name 'dataSource' defined in class path resource [test-config.xml]: Error setting property values; nested exception is org.springframework.beans.NotWritablePropertyException: Invalid property 'addScripts' of bean class [org.springframework.jdbc.datasource.embedded.EmbeddedDatabaseBuilder]: Bean property 'addScripts' is not writable or has an invalid setter method. Does the parameter type of the setter match the return type of the getter?
Caused by: org.springframework.beans.NotWritablePropertyException: Invalid property 'addScripts' of bean class [org.springframework.jdbc.datasource.embedded.EmbeddedDatabaseBuilder]: Bean property 'addScripts' is not writable or has an invalid setter method. Does the parameter type of the setter match the return type of the getter?

create_ShouldInsertPlante  Time elapsed: 0 s  <<< ERROR!
java.lang.IllegalStateException: Failed to load ApplicationContext
Caused by: org.springframework.beans.factory.UnsatisfiedDependencyException: Error creating bean with name 'databaseTestService' defined in file [C:\Users\scris\Desktop\EPF\Langage Java\projet_pvz\target\classes\com\epf\DatabaseTestService.class]: Unsatisfied dependency expressed through constructor parameter 0; nested exception is org.springframework.beans.factory.BeanCreationException: Error creating bean with name 'jdbcTemplate' defined in class path resource [test-config.xml]: Cannot resolve reference to bean 'dataSource' while setting bean property 'dataSource'; nested exception is org.springframework.beans.factory.BeanCreationException: Error creating bean with name 'dataSource' defined in class path resource [test-config.xml]: Error setting property values; nested exception is org.springframework.beans.NotWritablePropertyException: Invalid property 'addScripts' of bean class [org.springframework.jdbc.datasource.embedded.EmbeddedDatabaseBuilder]: Bean property 'addScripts' is not writable or has an invalid setter method. Does the parameter type of the setter match the return type of the getter?
Caused by: org.springframework.beans.factory.BeanCreationException: Error creating bean with name 'jdbcTemplate' defined in class path resource [test-config.xml]: Cannot resolve reference to bean 'dataSource' while setting bean property 'dataSource'; nested exception is org.springframework.beans.factory.BeanCreationException: Error creating bean with name 'dataSource' defined in class path resource [test-config.xml]: Error setting property values; nested exception is org.springframework.beans.NotWritablePropertyException: Invalid property 'addScripts' of bean class [org.springframework.jdbc.datasource.embedded.EmbeddedDatabaseBuilder]: Bean property 'addScripts' is not writable or has an invalid setter method. Does the parameter type of the setter match the return type of the getter?
Caused by: org.springframework.beans.factory.BeanCreationException: Error creating bean with name 'dataSource' defined in class path resource [test-config.xml]: Error setting property values; nested exception is org.springframework.beans.NotWritablePropertyException: Invalid property 'addScripts' of bean class [org.springframework.jdbc.datasource.embedded.EmbeddedDatabaseBuilder]: Bean property 'addScripts' is not writable or has an invalid setter method. Does the parameter type of the setter match the return type of the getter?
Caused by: org.springframework.beans.NotWritablePropertyException: Invalid property 'addScripts' of bean class [org.springframework.jdbc.datasource.embedded.EmbeddedDatabaseBuilder]: Bean property 'addScripts' is not writable or has an invalid setter method. Does the parameter type of the setter match the return type of the getter?

read_WhenPlanteDoesNotExist_ShouldReturnNull  Time elapsed: 0 s  <<< ERROR!
java.lang.IllegalStateException: Failed to load ApplicationContext
Caused by: org.springframework.beans.factory.UnsatisfiedDependencyException: Error creating bean with name 'databaseTestService' defined in file [C:\Users\scris\Desktop\EPF\Langage Java\projet_pvz\target\classes\com\epf\DatabaseTestService.class]: Unsatisfied dependency expressed through constructor parameter 0; nested exception is org.springframework.beans.factory.BeanCreationException: Error creating bean with name 'jdbcTemplate' defined in class path resource [test-config.xml]: Cannot resolve reference to bean 'dataSource' while setting bean property 'dataSource'; nested exception is org.springframework.beans.factory.BeanCreationException: Error creating bean with name 'dataSource' defined in class path resource [test-config.xml]: Error setting property values; nested exception is org.springframework.beans.NotWritablePropertyException: Invalid property 'addScripts' of bean class [org.springframework.jdbc.datasource.embedded.EmbeddedDatabaseBuilder]: Bean property 'addScripts' is not writable or has an invalid setter method. Does the parameter type of the setter match the return type of the getter?
Caused by: org.springframework.beans.factory.BeanCreationException: Error creating bean with name 'jdbcTemplate' defined in class path resource [test-config.xml]: Cannot resolve reference to bean 'dataSource' while setting bean property 'dataSource'; nested exception is org.springframework.beans.factory.BeanCreationException: Error creating bean with name 'dataSource' defined in class path resource [test-config.xml]: Error setting property values; nested exception is org.springframework.beans.NotWritablePropertyException: Invalid property 'addScripts' of bean class [org.springframework.jdbc.datasource.embedded.EmbeddedDatabaseBuilder]: Bean property 'addScripts' is not writable or has an invalid setter method. Does the parameter type of the setter match the return type of the getter?
Caused by: org.springframework.beans.factory.BeanCreationException: Error creating bean with name 'dataSource' defined in class path resource [test-config.xml]: Error setting property values; nested exception is org.springframework.beans.NotWritablePropertyException: Invalid property 'addScripts' of bean class [org.springframework.jdbc.datasource.embedded.EmbeddedDatabaseBuilder]: Bean property 'addScripts' is not writable or has an invalid setter method. Does the parameter type of the setter match the return type of the getter?
Caused by: org.springframework.beans.NotWritablePropertyException: Invalid property 'addScripts' of bean class [org.springframework.jdbc.datasource.embedded.EmbeddedDatabaseBuilder]: Bean property 'addScripts' is not writable or has an invalid setter method. Does the parameter type of the setter match the return type of the getter?

read_WhenPlanteExists_ShouldReturnPlante  Time elapsed: 0 s  <<< ERROR!
java.lang.IllegalStateException: Failed to load ApplicationContext
Caused by: org.springframework.beans.factory.UnsatisfiedDependencyException: Error creating bean with name 'databaseTestService' defined in file [C:\Users\scris\Desktop\EPF\Langage Java\projet_pvz\target\classes\com\epf\DatabaseTestService.class]: Unsatisfied dependency expressed through constructor parameter 0; nested exception is org.springframework.beans.factory.BeanCreationException: Error creating bean with name 'jdbcTemplate' defined in class path resource [test-config.xml]: Cannot resolve reference to bean 'dataSource' while setting bean property 'dataSource'; nested exception is org.springframework.beans.factory.BeanCreationException: Error creating bean with name 'dataSource' defined in class path resource [test-config.xml]: Error setting property values; nested exception is org.springframework.beans.NotWritablePropertyException: Invalid property 'addScripts' of bean class [org.springframework.jdbc.datasource.embedded.EmbeddedDatabaseBuilder]: Bean property 'addScripts' is not writable or has an invalid setter method. Does the parameter type of the setter match the return type of the getter?
Caused by: org.springframework.beans.factory.BeanCreationException: Error creating bean with name 'jdbcTemplate' defined in class path resource [test-config.xml]: Cannot resolve reference to bean 'dataSource' while setting bean property 'dataSource'; nested exception is org.springframework.beans.factory.BeanCreationException: Error creating bean with name 'dataSource' defined in class path resource [test-config.xml]: Error setting property values; nested exception is org.springframework.beans.NotWritablePropertyException: Invalid property 'addScripts' of bean class [org.springframework.jdbc.datasource.embedded.EmbeddedDatabaseBuilder]: Bean property 'addScripts' is not writable or has an invalid setter method. Does the parameter type of the setter match the return type of the getter?
Caused by: org.springframework.beans.factory.BeanCreationException: Error creating bean with name 'dataSource' defined in class path resource [test-config.xml]: Error setting property values; nested exception is org.springframework.beans.NotWritablePropertyException: Invalid property 'addScripts' of bean class [org.springframework.jdbc.datasource.embedded.EmbeddedDatabaseBuilder]: Bean property 'addScripts' is not writable or has an invalid setter method. Does the parameter type of the setter match the return type of the getter?
Caused by: org.springframework.beans.NotWritablePropertyException: Invalid property 'addScripts' of bean class [org.springframework.jdbc.datasource.embedded.EmbeddedDatabaseBuilder]: Bean property 'addScripts' is not writable or has an invalid setter method. Does the parameter type of the setter match the return type of the getter?

delete_ShouldRemovePlante  Time elapsed: 0 s  <<< ERROR!
java.lang.IllegalStateException: Failed to load ApplicationContext
Caused by: org.springframework.beans.factory.UnsatisfiedDependencyException: Error creating bean with name 'databaseTestService' defined in file [C:\Users\scris\Desktop\EPF\Langage Java\projet_pvz\target\classes\com\epf\DatabaseTestService.class]: Unsatisfied dependency expressed through constructor parameter 0; nested exception is org.springframework.beans.factory.BeanCreationException: Error creating bean with name 'jdbcTemplate' defined in class path resource [test-config.xml]: Cannot resolve reference to bean 'dataSource' while setting bean property 'dataSource'; nested exception is org.springframework.beans.factory.BeanCreationException: Error creating bean with name 'dataSource' defined in class path resource [test-config.xml]: Error setting property values; nested exception is org.springframework.beans.NotWritablePropertyException: Invalid property 'addScripts' of bean class [org.springframework.jdbc.datasource.embedded.EmbeddedDatabaseBuilder]: Bean property 'addScripts' is not writable or has an invalid setter method. Does the parameter type of the setter match the return type of the getter?
Caused by: org.springframework.beans.factory.BeanCreationException: Error creating bean with name 'jdbcTemplate' defined in class path resource [test-config.xml]: Cannot resolve reference to bean 'dataSource' while setting bean property 'dataSource'; nested exception is org.springframework.beans.factory.BeanCreationException: Error creating bean with name 'dataSource' defined in class path resource [test-config.xml]: Error setting property values; nested exception is org.springframework.beans.NotWritablePropertyException: Invalid property 'addScripts' of bean class [org.springframework.jdbc.datasource.embedded.EmbeddedDatabaseBuilder]: Bean property 'addScripts' is not writable or has an invalid setter method. Does the parameter type of the setter match the return type of the getter?
Caused by: org.springframework.beans.factory.BeanCreationException: Error creating bean with name 'dataSource' defined in class path resource [test-config.xml]: Error setting property values; nested exception is org.springframework.beans.NotWritablePropertyException: Invalid property 'addScripts' of bean class [org.springframework.jdbc.datasource.embedded.EmbeddedDatabaseBuilder]: Bean property 'addScripts' is not writable or has an invalid setter method. Does the parameter type of the setter match the return type of the getter?
Caused by: org.springframework.beans.NotWritablePropertyException: Invalid property 'addScripts' of bean class [org.springframework.jdbc.datasource.embedded.EmbeddedDatabaseBuilder]: Bean property 'addScripts' is not writable or has an invalid setter method. Does the parameter type of the setter match the return type of the getter?

