<?xml version="1.0" encoding="UTF-8"?>
<testsuite xmlns:xsi="http://www.w3.org/2001/XMLSchema-instance" xsi:noNamespaceSchemaLocation="https://maven.apache.org/surefire/maven-surefire-plugin/xsd/surefire-test-report.xsd" name="com.epf.PlanteServiceImplTest" time="0.001" tests="5" errors="0" skipped="0" failures="0">
  <properties>
[...]
</properties>
  <testcase name="createPlante_ShouldCallDAOCreate" classname="com.epf.PlanteServiceImplTest" time="0"/>
  <testcase name="getAllPlantes_ShouldReturnListOfPlantes" classname="com.epf.PlanteServiceImplTest" time="0"/>
  <testcase name="getPlanteById_ShouldReturnPlante" classname="com.epf.PlanteServiceImplTest" time="0"/>
  <testcase name="deletePlante_ShouldCallDAODelete" classname="com.epf.PlanteServiceImplTest" time="0.001"/>
  <testcase name="updatePlante_ShouldCallDAOUpdate" classname="com.epf.PlanteServiceImplTest" time="0"/>
</testsuite>